[1024] HY000   [line]D:\MyOffice\ProgramFiles\Apache24\htdocs\CrxzyOS_PHP\System\Errors.php 42
[1024] 1364   [line]D:\MyOffice\ProgramFiles\Apache24\htdocs\CrxzyOS_PHP\System\Errors.php 42
[1024] Field 'username' doesn't have a default value   [line]D:\MyOffice\ProgramFiles\Apache24\htdocs\CrxzyOS_PHP\System\Errors.php 42
[1024] Field 'username' doesn't have a default value   [line]D:\MyOffice\ProgramFiles\Apache24\htdocs\CrxzyOS_PHP\System\Errors.php 42
[1024] Field 'username' doesn't have a default value   [line]D:\MyOffice\ProgramFiles\Apache24\htdocs\CrxzyOS_PHP\System\Errors.php 42
[1024] Field 'username' doesn't have a default value   [line]D:\MyOffice\ProgramFiles\Apache24\htdocs\CrxzyOS_PHP\System\Errors.php 42
[1024] Field 'username' doesn't have a default value   [line]D:\MyOffice\ProgramFiles\Apache24\htdocs\CrxzyOS_PHP\System\Errors.php 42
[1024] Field 'username' doesn't have a default value   [line]D:\MyOffice\ProgramFiles\Apache24\htdocs\CrxzyOS_PHP\System\Errors.php 42
[1024] Field 'username' doesn't have a default value   [line]D:\MyOffice\ProgramFiles\Apache24\htdocs\CrxzyOS_PHP\System\Errors.php 42
[1024] Field 'username' doesn't have a default value   [line]D:\MyOffice\ProgramFiles\Apache24\htdocs\CrxzyOS_PHP\System\Errors.php 42
[1024] Page index Existn't!   [line]D:\MyOffice\ProgramFiles\Apache24\htdocs\CrxzyOS_PHP\System\Errors.php 42
[1024] Page index Existn't!   [line]D:\MyOffice\ProgramFiles\Apache24\htdocs\CrxzyOS_PHP\System\Errors.php 42
[1024] Page index Existn't!   [line]D:\MyOffice\ProgramFiles\Apache24\htdocs\CrxzyOS_PHP\System\Errors.php 42
[1024] Page index Existn't!   [line]D:\MyOffice\ProgramFiles\Apache24\htdocs\CrxzyOS_PHP\System\Errors.php 42
[1024] Page index Existn't!   [line]D:\MyOffice\ProgramFiles\Apache24\htdocs\CrxzyOS_PHP\System\Errors.php 42
[1024] Page index Existn't!   [line]D:\MyOffice\ProgramFiles\Apache24\htdocs\CrxzyOS_PHP\System\Errors.php 42
[1024] Page index Existn't!   [line]D:\MyOffice\ProgramFiles\Apache24\htdocs\CrxzyOS_PHP\System\Errors.php 42
[1024] Page index Existn't!   [line]D:\MyOffice\ProgramFiles\Apache24\htdocs\CrxzyOS_PHP\System\Errors.php 42
[1024] Page index Existn't!   [line]D:\MyOffice\ProgramFiles\Apache24\htdocs\CrxzyOS_PHP\System\Errors.php 42
[1024] Page index Existn't!   [line]D:\MyOffice\ProgramFiles\Apache24\htdocs\CrxzyOS_PHP\System\Errors.php 42
[1024] Page index Existn't!   [line]D:\MyOffice\ProgramFiles\Apache24\htdocs\CrxzyOS_PHP\System\Errors.php 42
[1024] Page index Existn't!   [line]D:\MyOffice\ProgramFiles\Apache24\htdocs\CrxzyOS_PHP\System\Errors.php 42
[1024] Page index Existn't!   [line]D:\MyOffice\ProgramFiles\Apache24\htdocs\CrxzyOS_PHP\System\Errors.php 42
[1024] Page index Existn't!   [line]D:\MyOffice\ProgramFiles\Apache24\htdocs\CrxzyOS_PHP\System\Errors.php 42
[1024] Page index Existn't!   [line]D:\MyOffice\ProgramFiles\Apache24\htdocs\CrxzyOS_PHP\System\Errors.php 42
[1024] Page Desktop Existn't!   [line]D:\MyOffice\ProgramFiles\Apache24\htdocs\CrxzyOS_PHP\System\Errors.php 42
[1024] Page Desktop Existn't!   [line]D:\MyOffice\ProgramFiles\Apache24\htdocs\CrxzyOS_PHP\System\Errors.php 42
[1024] Page Desktop Existn't!   [line]D:\MyOffice\ProgramFiles\Apache24\htdocs\CrxzyOS_PHP\System\Errors.php 42
[1024] Page Desktop Existn't!   [line]D:\MyOffice\ProgramFiles\Apache24\htdocs\CrxzyOS_PHP\System\Errors.php 42
[1024] Page Desktop Existn't!   [line]D:\MyOffice\ProgramFiles\Apache24\htdocs\CrxzyOS_PHP\System\Errors.php 42
[1024] Page Desktop Existn't!   [line]D:\MyOffice\ProgramFiles\Apache24\htdocs\CrxzyOS_PHP\System\Errors.php 42
[1024] Page Desktop Existn't!   [line]D:\MyOffice\ProgramFiles\Apache24\htdocs\CrxzyOS_PHP\System\Errors.php 42
[1024] Page Desktop Existn't!   [line]D:\MyOffice\ProgramFiles\Apache24\htdocs\CrxzyOS_PHP\System\Errors.php 42
